<?xml version="1.0" encoding="UTF-8"?>
<!-- Generated by org.testng.reporters.JUnitXMLReporter -->
<testsuite ignored="0" hostname="DESKTOP-NMQL126" failures="2" tests="14" name="Command line test" time="100.381" errors="0" timestamp="2024-03-30T04:33:01 EET">
  <testcase classname="LogINTest" name="@AfterMethod cleanup" time="10.146">
    <failure type="org.openqa.selenium.NoSuchElementException" message="no such element: Unable to locate element: {&amp;quot;method&amp;quot;:&amp;quot;css selector&amp;quot;,&amp;quot;selector&amp;quot;:&amp;quot;#email&amp;quot;}
  (Session info: chrome=123.0.6312.86)
For documentation on this error, please visit: https://www.selenium.dev/documentation/webdriver/troubleshooting/errors#no-such-element-exception
Build info: version: &amp;apos;4.18.1&amp;apos;, revision: &amp;apos;b1d3319b48&amp;apos;
System info: os.name: &amp;apos;Windows 10&amp;apos;, os.arch: &amp;apos;amd64&amp;apos;, os.version: &amp;apos;10.0&amp;apos;, java.version: &amp;apos;21.0.2&amp;apos;
Driver info: org.openqa.selenium.chrome.ChromeDriver
Command: [f82c1ac767ae5d81ba49e581c6171982, findElement {value=email, using=id}]
Capabilities {acceptInsecureCerts: false, browserName: chrome, browserVersion: 123.0.6312.86, chrome: {chromedriverVersion: 123.0.6312.86 (9b72c47a0536..., userDataDir: C:\Users\fg_hp\AppData\Loca...}, fedcm:accounts: true, goog:chromeOptions: {debuggerAddress: localhost:52599}, networkConnectionEnabled: false, pageLoadStrategy: normal, platformName: windows, proxy: Proxy(), se:cdp: ws://localhost:52599/devtoo..., se:cdpVersion: 123.0.6312.86, setWindowRect: true, strictFileInteractability: false, timeouts: {implicit: 0, pageLoad: 300000, script: 30000}, unhandledPromptBehavior: dismiss and notify, webauthn:extension:credBlob: true, webauthn:extension:largeBlob: true, webauthn:extension:minPinLength: true, webauthn:extension:prf: true, webauthn:virtualAuthenticators: true}
Session ID: f82c1ac767ae5d81ba49e581c6171982">
      <![CDATA[org.openqa.selenium.NoSuchElementException: no such element: Unable to locate element: {"method":"css selector","selector":"#email"}
  (Session info: chrome=123.0.6312.86)
For documentation on this error, please visit: https://www.selenium.dev/documentation/webdriver/troubleshooting/errors#no-such-element-exception
Build info: version: '4.18.1', revision: 'b1d3319b48'
System info: os.name: 'Windows 10', os.arch: 'amd64', os.version: '10.0', java.version: '21.0.2'
Driver info: org.openqa.selenium.chrome.ChromeDriver
Command: [f82c1ac767ae5d81ba49e581c6171982, findElement {value=email, using=id}]
Capabilities {acceptInsecureCerts: false, browserName: chrome, browserVersion: 123.0.6312.86, chrome: {chromedriverVersion: 123.0.6312.86 (9b72c47a0536..., userDataDir: C:\Users\fg_hp\AppData\Loca...}, fedcm:accounts: true, goog:chromeOptions: {debuggerAddress: localhost:52599}, networkConnectionEnabled: false, pageLoadStrategy: normal, platformName: windows, proxy: Proxy(), se:cdp: ws://localhost:52599/devtoo..., se:cdpVersion: 123.0.6312.86, setWindowRect: true, strictFileInteractability: false, timeouts: {implicit: 0, pageLoad: 300000, script: 30000}, unhandledPromptBehavior: dismiss and notify, webauthn:extension:credBlob: true, webauthn:extension:largeBlob: true, webauthn:extension:minPinLength: true, webauthn:extension:prf: true, webauthn:virtualAuthenticators: true}
Session ID: f82c1ac767ae5d81ba49e581c6171982
at org.openqa.selenium.remote.ErrorCodec.decode(ErrorCodec.java:167)
at org.openqa.selenium.remote.codec.w3c.W3CHttpResponseCodec.decode(W3CHttpResponseCodec.java:138)
at org.openqa.selenium.remote.codec.w3c.W3CHttpResponseCodec.decode(W3CHttpResponseCodec.java:50)
at org.openqa.selenium.remote.HttpCommandExecutor.execute(HttpCommandExecutor.java:190)
at org.openqa.selenium.remote.service.DriverCommandExecutor.invokeExecute(DriverCommandExecutor.java:216)
at org.openqa.selenium.remote.service.DriverCommandExecutor.execute(DriverCommandExecutor.java:174)
at org.openqa.selenium.remote.RemoteWebDriver.execute(RemoteWebDriver.java:519)
at org.openqa.selenium.remote.ElementLocation$ElementFinder$2.findElement(ElementLocation.java:165)
at org.openqa.selenium.remote.ElementLocation.findElement(ElementLocation.java:59)
at org.openqa.selenium.remote.RemoteWebDriver.findElement(RemoteWebDriver.java:356)
at org.openqa.selenium.remote.RemoteWebDriver.findElement(RemoteWebDriver.java:350)
at LogINPage.clear(LogINPage.java:43)
at LogINTest.cleanup(LogINTest.java:32)
at java.base/java.util.ArrayList.forEach(ArrayList.java:1596)
at TestSuite.runTestSuite(TestSuite.java:34)
at java.base/java.util.ArrayList.forEach(ArrayList.java:1596)
at com.intellij.rt.testng.IDEARemoteTestNG.run(IDEARemoteTestNG.java:65)
at com.intellij.rt.testng.RemoteTestNGStarter.main(RemoteTestNGStarter.java:105)
... Removed 52 stack frames]]>
    </failure>
  </testcase> <!-- @AfterMethod cleanup -->
  <testcase classname="CreateAccountTest" name="testEmailFieldValidation" time="3.427"/>
  <testcase classname="CreateAccountTest" name="testErrorMessageForDifferentPassword" time="2.152"/>
  <testcase classname="CreateAccountTest" name="testPasswordStrengthMeter" time="2.131"/>
  <testcase classname="CreateAccountTest" name="testRequiredFieldsAndErrorMessages" time="0.332">
    <failure type="java.lang.AssertionError" message="Not all required fields are marked with an asterisk. expected [true] but found [false]">
      <![CDATA[java.lang.AssertionError: Not all required fields are marked with an asterisk. expected [true] but found [false]
at CreateAccountTest.testRequiredFieldsAndErrorMessages(CreateAccountTest.java:27)
at java.base/java.util.ArrayList.forEach(ArrayList.java:1596)
at TestSuite.runTestSuite(TestSuite.java:34)
at java.base/java.util.ArrayList.forEach(ArrayList.java:1596)
at com.intellij.rt.testng.IDEARemoteTestNG.run(IDEARemoteTestNG.java:65)
at com.intellij.rt.testng.RemoteTestNGStarter.main(RemoteTestNGStarter.java:105)
... Removed 47 stack frames]]>
    </failure>
  </testcase> <!-- testRequiredFieldsAndErrorMessages -->
  <testcase classname="CreateAccountTest" name="testSuccessfulRegistrationAndRedirection" time="15.291">
    <failure type="java.lang.RuntimeException" message="Timed out waiting for redirection to homepage.">
      <![CDATA[java.lang.RuntimeException: Timed out waiting for redirection to homepage.
at CreateAccountPage.waitForRedirectionToMyAccountPage(CreateAccountPage.java:117)
at CreateAccountPage.registerUser(CreateAccountPage.java:106)
at CreateAccountTest.testSuccessfulRegistrationAndRedirection(CreateAccountTest.java:82)
at java.base/java.util.ArrayList.forEach(ArrayList.java:1596)
at TestSuite.runTestSuite(TestSuite.java:34)
at java.base/java.util.ArrayList.forEach(ArrayList.java:1596)
at com.intellij.rt.testng.IDEARemoteTestNG.run(IDEARemoteTestNG.java:65)
at com.intellij.rt.testng.RemoteTestNGStarter.main(RemoteTestNGStarter.java:105)
... Removed 44 stack frames]]>
    </failure>
  </testcase> <!-- testSuccessfulRegistrationAndRedirection -->
  <testcase classname="LogINTest" name="LogINPageTest" time="3.302"/>
  <testcase classname="LogINTest" name="invaildEmail" time="1.123"/>
  <testcase classname="LogINTest" name="invaildPassword" time="4.033"/>
  <testcase classname="LogINTest" name="invalidEmptyEmailTestCase" time="0.437"/>
  <testcase classname="LogINTest" name="invalidEmptyPasswordTestCase" time="0.511"/>
  <testcase classname="LogINTest" name="invalidNewEmailTestCase" time="2.5"/>
  <testcase classname="LogINTest" name="vaildLoginTestCase" time="2.955"/>
  <testcase classname="SearchTest" name="testSearchResultsNavigation" time="5.275"/>
  <testcase classname="ShoppingCartTest" name="testAddProductToCart" time="6.499"/>
</testsuite> <!-- Command line test -->
