<!DOCTYPE html PUBLIC "-//W3C//DTD XHTML 1.1//EN" "https://www.w3.org/TR/xhtml11/DTD/xhtml11.dtd">
<html xmlns="https://www.w3.org/1999/xhtml">
<head>
<meta http-equiv="content-type" content="text/html; charset=UTF-8"/>
<title>TestNG Report</title>
<style type="text/css">table {margin-bottom:10px;border-collapse:collapse;empty-cells:show}th,td {border:1px solid #009;padding:.25em .5em}th {vertical-align:bottom}td {vertical-align:top}table a {font-weight:bold}.stripe td {background-color: #E6EBF9}.num {text-align:right}.passedodd td {background-color: #3F3}.passedeven td {background-color: #0A0}.skippedodd td {background-color: #DDD}.skippedeven td {background-color: #CCC}.failedodd td,.attn {background-color: #F33}.failedeven td,.stripe .attn {background-color: #D00}.stacktrace {white-space:pre;font-family:monospace}.totop {font-size:85%;text-align:center;border-bottom:2px solid #000}.invisible {display:none}</style>
</head>
<body>
<table>
<tr><th>Test</th><th># Passed</th><th># Skipped</th><th># Retried</th><th># Failed</th><th>Time (ms)</th><th>Included Groups</th><th>Excluded Groups</th></tr>
<tr><th colspan="8">Command line suite</th></tr>
<tr><td><a href="#t0">Command line test</a></td><td class="num">12</td><td class="num">0</td><td class="num">0</td><td class="num attn">2</td><td class="num">100,381</td><td></td><td></td></tr>
</table>
<table id='summary'><thead><tr><th>Class</th><th>Method</th><th>Start</th><th>Time (ms)</th></tr></thead><tbody><tr><th colspan="4">Command line suite</th></tr></tbody><tbody id="t0"><tr><th colspan="4">Command line test &#8212; failed (configuration methods)</th></tr><tr class="failedeven"><td rowspan="1">LogINTest</td><td><a href="#m0">cleanup</a></td><td rowspan="1">1711765941842</td><td rowspan="1">10146</td></tr><tr><th colspan="4">Command line test &#8212; failed</th></tr><tr class="failedeven"><td rowspan="2">CreateAccountTest</td><td><a href="#m1">testRequiredFieldsAndErrorMessages</a></td><td rowspan="1">1711765905471</td><td rowspan="1">332</td></tr><tr class="failedeven"><td><a href="#m2">testSuccessfulRegistrationAndRedirection</a></td><td rowspan="1">1711765905806</td><td rowspan="1">15291</td></tr><tr><th colspan="4">Command line test &#8212; passed</th></tr><tr class="passedeven"><td rowspan="3">CreateAccountTest</td><td><a href="#m3">testEmailFieldValidation</a></td><td rowspan="1">1711765897749</td><td rowspan="1">3427</td></tr><tr class="passedeven"><td><a href="#m4">testErrorMessageForDifferentPassword</a></td><td rowspan="1">1711765901185</td><td rowspan="1">2152</td></tr><tr class="passedeven"><td><a href="#m5">testPasswordStrengthMeter</a></td><td rowspan="1">1711765903338</td><td rowspan="1">2131</td></tr><tr class="passedodd"><td rowspan="7">LogINTest</td><td><a href="#m6">LogINPageTest</a></td><td rowspan="1">1711765923614</td><td rowspan="1">3302</td></tr><tr class="passedodd"><td><a href="#m7">invaildEmail</a></td><td rowspan="1">1711765928063</td><td rowspan="1">1123</td></tr><tr class="passedodd"><td><a href="#m8">invaildPassword</a></td><td rowspan="1">1711765929515</td><td rowspan="1">4033</td></tr><tr class="passedodd"><td><a href="#m9">invalidEmptyEmailTestCase</a></td><td rowspan="1">1711765934219</td><td rowspan="1">437</td></tr><tr class="passedodd"><td><a href="#m10">invalidEmptyPasswordTestCase</a></td><td rowspan="1">1711765934935</td><td rowspan="1">511</td></tr><tr class="passedodd"><td><a href="#m11">invalidNewEmailTestCase</a></td><td rowspan="1">1711765935674</td><td rowspan="1">2500</td></tr><tr class="passedodd"><td><a href="#m12">vaildLoginTestCase</a></td><td rowspan="1">1711765938886</td><td rowspan="1">2955</td></tr><tr class="passedeven"><td rowspan="1">SearchTest</td><td><a href="#m13">testSearchResultsNavigation</a></td><td rowspan="1">1711765960652</td><td rowspan="1">5275</td></tr><tr class="passedodd"><td rowspan="1">ShoppingCartTest</td><td><a href="#m14">testAddProductToCart</a></td><td rowspan="1">1711765974212</td><td rowspan="1">6499</td></tr></tbody>
</table>
<h2>Command line test</h2><h3 id="m0">LogINTest#cleanup</h3><table class="result"><tr><th>Exception</th></tr><tr><td><div class="stacktrace">org.openqa.selenium.NoSuchElementException: no such element: Unable to locate element: {&quot;method&quot;:&quot;css selector&quot;,&quot;selector&quot;:&quot;#email&quot;}
  (Session info: chrome=123.0.6312.86)
For documentation on this error, please visit: https://www.selenium.dev/documentation/webdriver/troubleshooting/errors#no-such-element-exception
Build info: version: &apos;4.18.1&apos;, revision: &apos;b1d3319b48&apos;
System info: os.name: &apos;Windows 10&apos;, os.arch: &apos;amd64&apos;, os.version: &apos;10.0&apos;, java.version: &apos;21.0.2&apos;
Driver info: org.openqa.selenium.chrome.ChromeDriver
Command: [f82c1ac767ae5d81ba49e581c6171982, findElement {value=email, using=id}]
Capabilities {acceptInsecureCerts: false, browserName: chrome, browserVersion: 123.0.6312.86, chrome: {chromedriverVersion: 123.0.6312.86 (9b72c47a0536..., userDataDir: C:\Users\fg_hp\AppData\Loca...}, fedcm:accounts: true, goog:chromeOptions: {debuggerAddress: localhost:52599}, networkConnectionEnabled: false, pageLoadStrategy: normal, platformName: windows, proxy: Proxy(), se:cdp: ws://localhost:52599/devtoo..., se:cdpVersion: 123.0.6312.86, setWindowRect: true, strictFileInteractability: false, timeouts: {implicit: 0, pageLoad: 300000, script: 30000}, unhandledPromptBehavior: dismiss and notify, webauthn:extension:credBlob: true, webauthn:extension:largeBlob: true, webauthn:extension:minPinLength: true, webauthn:extension:prf: true, webauthn:virtualAuthenticators: true}
Session ID: f82c1ac767ae5d81ba49e581c6171982
	at org.openqa.selenium.remote.ErrorCodec.decode(ErrorCodec.java:167)
	at org.openqa.selenium.remote.codec.w3c.W3CHttpResponseCodec.decode(W3CHttpResponseCodec.java:138)
	at org.openqa.selenium.remote.codec.w3c.W3CHttpResponseCodec.decode(W3CHttpResponseCodec.java:50)
	at org.openqa.selenium.remote.HttpCommandExecutor.execute(HttpCommandExecutor.java:190)
	at org.openqa.selenium.remote.service.DriverCommandExecutor.invokeExecute(DriverCommandExecutor.java:216)
	at org.openqa.selenium.remote.service.DriverCommandExecutor.execute(DriverCommandExecutor.java:174)
	at org.openqa.selenium.remote.RemoteWebDriver.execute(RemoteWebDriver.java:519)
	at org.openqa.selenium.remote.ElementLocation$ElementFinder$2.findElement(ElementLocation.java:165)
	at org.openqa.selenium.remote.ElementLocation.findElement(ElementLocation.java:59)
	at org.openqa.selenium.remote.RemoteWebDriver.findElement(RemoteWebDriver.java:356)
	at org.openqa.selenium.remote.RemoteWebDriver.findElement(RemoteWebDriver.java:350)
	at LogINPage.clear(LogINPage.java:43)
	at LogINTest.cleanup(LogINTest.java:32)
	at java.base/java.util.ArrayList.forEach(ArrayList.java:1596)
	at TestSuite.runTestSuite(TestSuite.java:34)
	at java.base/java.util.ArrayList.forEach(ArrayList.java:1596)
	at com.intellij.rt.testng.IDEARemoteTestNG.run(IDEARemoteTestNG.java:65)
	at com.intellij.rt.testng.RemoteTestNGStarter.main(RemoteTestNGStarter.java:105)
... Removed 52 stack frames</div></td></tr></table><p class="totop"><a href="#summary">back to summary</a></p>
<h3 id="m1">CreateAccountTest#testRequiredFieldsAndErrorMessages</h3><table class="result"><tr><th>Exception</th></tr><tr><td><div class="stacktrace">java.lang.AssertionError: Not all required fields are marked with an asterisk. expected [true] but found [false]
	at CreateAccountTest.testRequiredFieldsAndErrorMessages(CreateAccountTest.java:27)
	at java.base/java.util.ArrayList.forEach(ArrayList.java:1596)
	at TestSuite.runTestSuite(TestSuite.java:34)
	at java.base/java.util.ArrayList.forEach(ArrayList.java:1596)
	at com.intellij.rt.testng.IDEARemoteTestNG.run(IDEARemoteTestNG.java:65)
	at com.intellij.rt.testng.RemoteTestNGStarter.main(RemoteTestNGStarter.java:105)
... Removed 47 stack frames</div></td></tr></table><p class="totop"><a href="#summary">back to summary</a></p>
<h3 id="m2">CreateAccountTest#testSuccessfulRegistrationAndRedirection</h3><table class="result"><tr><th>Exception</th></tr><tr><td><div class="stacktrace">java.lang.RuntimeException: Timed out waiting for redirection to homepage.
	at CreateAccountPage.waitForRedirectionToMyAccountPage(CreateAccountPage.java:117)
	at CreateAccountPage.registerUser(CreateAccountPage.java:106)
	at CreateAccountTest.testSuccessfulRegistrationAndRedirection(CreateAccountTest.java:82)
	at java.base/java.util.ArrayList.forEach(ArrayList.java:1596)
	at TestSuite.runTestSuite(TestSuite.java:34)
	at java.base/java.util.ArrayList.forEach(ArrayList.java:1596)
	at com.intellij.rt.testng.IDEARemoteTestNG.run(IDEARemoteTestNG.java:65)
	at com.intellij.rt.testng.RemoteTestNGStarter.main(RemoteTestNGStarter.java:105)
... Removed 44 stack frames</div></td></tr></table><p class="totop"><a href="#summary">back to summary</a></p>
<h3 id="m3">CreateAccountTest#testEmailFieldValidation</h3><table class="result"><tr><th class="invisible"/></tr></table><p class="totop"><a href="#summary">back to summary</a></p>
<h3 id="m4">CreateAccountTest#testErrorMessageForDifferentPassword</h3><table class="result"><tr><th class="invisible"/></tr></table><p class="totop"><a href="#summary">back to summary</a></p>
<h3 id="m5">CreateAccountTest#testPasswordStrengthMeter</h3><table class="result"><tr><th class="invisible"/></tr></table><p class="totop"><a href="#summary">back to summary</a></p>
<h3 id="m6">LogINTest#LogINPageTest</h3><table class="result"><tr><th class="invisible"/></tr></table><p class="totop"><a href="#summary">back to summary</a></p>
<h3 id="m7">LogINTest#invaildEmail</h3><table class="result"><tr><th class="invisible"/></tr></table><p class="totop"><a href="#summary">back to summary</a></p>
<h3 id="m8">LogINTest#invaildPassword</h3><table class="result"><tr><th class="invisible"/></tr></table><p class="totop"><a href="#summary">back to summary</a></p>
<h3 id="m9">LogINTest#invalidEmptyEmailTestCase</h3><table class="result"><tr><th class="invisible"/></tr></table><p class="totop"><a href="#summary">back to summary</a></p>
<h3 id="m10">LogINTest#invalidEmptyPasswordTestCase</h3><table class="result"><tr><th class="invisible"/></tr></table><p class="totop"><a href="#summary">back to summary</a></p>
<h3 id="m11">LogINTest#invalidNewEmailTestCase</h3><table class="result"><tr><th class="invisible"/></tr></table><p class="totop"><a href="#summary">back to summary</a></p>
<h3 id="m12">LogINTest#vaildLoginTestCase</h3><table class="result"><tr><th class="invisible"/></tr></table><p class="totop"><a href="#summary">back to summary</a></p>
<h3 id="m13">SearchTest#testSearchResultsNavigation</h3><table class="result"><tr><th class="invisible"/></tr></table><p class="totop"><a href="#summary">back to summary</a></p>
<h3 id="m14">ShoppingCartTest#testAddProductToCart</h3><table class="result"><tr><th class="invisible"/></tr></table><p class="totop"><a href="#summary">back to summary</a></p>
</body>
</html>
